2021-08-22  1:52:53 0 [Note] InnoDB: Mutexes and rw_locks use Windows interlocked functions
2021-08-22  1:52:53 0 [Note] InnoDB: Uses event mutexes
2021-08-22  1:52:53 0 [Note] InnoDB: Compressed tables use zlib 1.2.11
2021-08-22  1:52:53 0 [Note] InnoDB: Number of pools: 1
2021-08-22  1:52:53 0 [Note] InnoDB: Using SSE2 crc32 instructions
2021-08-22  1:52:53 0 [Note] InnoDB: Initializing buffer pool, total size = 16M, instances = 1, chunk size = 16M
2021-08-22  1:52:53 0 [Note] InnoDB: Completed initialization of buffer pool
2021-08-22  1:52:53 0 [Note] InnoDB: Starting crash recovery from checkpoint LSN=300288
2021-08-22  1:52:53 0 [Note] InnoDB: 128 out of 128 rollback segments are active.
2021-08-22  1:52:53 0 [Note] InnoDB: Removed temporary tablespace data file: "ibtmp1"
2021-08-22  1:52:53 0 [Note] InnoDB: Creating shared tablespace for temporary tables
2021-08-22  1:52:53 0 [Note] InnoDB: Setting file 'C:\xampp\mysql\data\ibtmp1' size to 12 MB. Physically writing the file full; Please wait ...
2021-08-22  1:52:53 0 [Note] InnoDB: File 'C:\xampp\mysql\data\ibtmp1' size is now 12 MB.
2021-08-22  1:52:53 0 [Note] InnoDB: Waiting for purge to start
2021-08-22  1:52:53 0 [Note] InnoDB: 10.4.20 started; log sequence number 300297; transaction id 170
2021-08-22  1:52:53 0 [Note] InnoDB: Loading buffer pool(s) from C:\xampp\mysql\data\ib_buffer_pool
2021-08-22  1:52:53 0 [Note] Plugin 'FEEDBACK' is disabled.
2021-08-22  1:52:53 0 [Note] Server socket created on IP: '::'.
2021-08-26 10:44:11 0 [Note] InnoDB: Mutexes and rw_locks use Windows interlocked functions
2021-08-26 10:44:11 0 [Note] InnoDB: Uses event mutexes
2021-08-26 10:44:11 0 [Note] InnoDB: Compressed tables use zlib 1.2.11
2021-08-26 10:44:11 0 [Note] InnoDB: Number of pools: 1
2021-08-26 10:44:11 0 [Note] InnoDB: Using SSE2 crc32 instructions
2021-08-26 10:44:11 0 [Note] InnoDB: Initializing buffer pool, total size = 16M, instances = 1, chunk size = 16M
2021-08-26 10:44:11 0 [Note] InnoDB: Completed initialization of buffer pool
2021-08-26 10:44:11 0 [Note] InnoDB: Starting crash recovery from checkpoint LSN=300306
2021-08-26 10:44:12 0 [Note] InnoDB: 128 out of 128 rollback segments are active.
2021-08-26 10:44:12 0 [Note] InnoDB: Removed temporary tablespace data file: "ibtmp1"
2021-08-26 10:44:12 0 [Note] InnoDB: Creating shared tablespace for temporary tables
2021-08-26 10:44:12 0 [Note] InnoDB: Setting file 'C:\xampp\mysql\data\ibtmp1' size to 12 MB. Physically writing the file full; Please wait ...
2021-08-26 10:44:12 0 [Note] InnoDB: File 'C:\xampp\mysql\data\ibtmp1' size is now 12 MB.
2021-08-26 10:44:12 0 [Note] InnoDB: Waiting for purge to start
2021-08-26 10:44:12 0 [Note] InnoDB: 10.4.20 started; log sequence number 300315; transaction id 170
2021-08-26 10:44:12 0 [Note] InnoDB: Loading buffer pool(s) from C:\xampp\mysql\data\ib_buffer_pool
2021-08-26 10:44:12 0 [Note] Plugin 'FEEDBACK' is disabled.
2021-08-26 10:44:12 0 [Note] InnoDB: Buffer pool(s) load completed at 210826 10:44:12
2021-08-26 10:44:12 0 [Note] Server socket created on IP: '::'.
2021-08-26 19:49:19 0 [Note] InnoDB: Mutexes and rw_locks use Windows interlocked functions
2021-08-26 19:49:19 0 [Note] InnoDB: Uses event mutexes
2021-08-26 19:49:19 0 [Note] InnoDB: Compressed tables use zlib 1.2.11
2021-08-26 19:49:19 0 [Note] InnoDB: Number of pools: 1
2021-08-26 19:49:19 0 [Note] InnoDB: Using SSE2 crc32 instructions
2021-08-26 19:49:19 0 [Note] InnoDB: Initializing buffer pool, total size = 16M, instances = 1, chunk size = 16M
2021-08-26 19:49:19 0 [Note] InnoDB: Completed initialization of buffer pool
2021-08-26 19:49:19 0 [Note] InnoDB: Starting crash recovery from checkpoint LSN=300324
2021-08-26 19:49:19 0 [Note] InnoDB: 128 out of 128 rollback segments are active.
2021-08-26 19:49:19 0 [Note] InnoDB: Removed temporary tablespace data file: "ibtmp1"
2021-08-26 19:49:19 0 [Note] InnoDB: Creating shared tablespace for temporary tables
2021-08-26 19:49:19 0 [Note] InnoDB: Setting file 'C:\xampp\mysql\data\ibtmp1' size to 12 MB. Physically writing the file full; Please wait ...
2021-08-26 19:49:19 0 [Note] InnoDB: File 'C:\xampp\mysql\data\ibtmp1' size is now 12 MB.
2021-08-26 19:49:19 0 [Note] InnoDB: Waiting for purge to start
2021-08-26 19:49:19 0 [Note] InnoDB: 10.4.20 started; log sequence number 300333; transaction id 170
2021-08-26 19:49:19 0 [Note] InnoDB: Loading buffer pool(s) from C:\xampp\mysql\data\ib_buffer_pool
2021-08-26 19:49:19 0 [Note] Plugin 'FEEDBACK' is disabled.
2021-08-26 19:49:19 0 [Note] InnoDB: Buffer pool(s) load completed at 210826 19:49:19
2021-08-26 19:49:19 0 [Note] Server socket created on IP: '::'.
2021-08-26 19:55:48 0 [Note] InnoDB: Mutexes and rw_locks use Windows interlocked functions
2021-08-26 19:55:48 0 [Note] InnoDB: Uses event mutexes
2021-08-26 19:55:48 0 [Note] InnoDB: Compressed tables use zlib 1.2.11
2021-08-26 19:55:48 0 [Note] InnoDB: Number of pools: 1
2021-08-26 19:55:48 0 [Note] InnoDB: Using SSE2 crc32 instructions
2021-08-26 19:55:48 0 [Note] InnoDB: Initializing buffer pool, total size = 16M, instances = 1, chunk size = 16M
2021-08-26 19:55:48 0 [Note] InnoDB: Completed initialization of buffer pool
2021-08-26 19:55:48 0 [Note] InnoDB: Starting crash recovery from checkpoint LSN=301311
2021-08-26 19:55:48 0 [Note] InnoDB: 128 out of 128 rollback segments are active.
2021-08-26 19:55:48 0 [Note] InnoDB: Removed temporary tablespace data file: "ibtmp1"
2021-08-26 19:55:48 0 [Note] InnoDB: Creating shared tablespace for temporary tables
2021-08-26 19:55:48 0 [Note] InnoDB: Setting file 'C:\xampp\mysql\data\ibtmp1' size to 12 MB. Physically writing the file full; Please wait ...
2021-08-26 19:55:48 0 [Note] InnoDB: File 'C:\xampp\mysql\data\ibtmp1' size is now 12 MB.
2021-08-26 19:55:48 0 [Note] InnoDB: Waiting for purge to start
2021-08-26 19:55:48 0 [Note] InnoDB: 10.4.20 started; log sequence number 301320; transaction id 197
2021-08-26 19:55:48 0 [Note] InnoDB: Loading buffer pool(s) from C:\xampp\mysql\data\ib_buffer_pool
2021-08-26 19:55:48 0 [Note] Plugin 'FEEDBACK' is disabled.
2021-08-26 19:55:48 0 [Note] Server socket created on IP: '::'.
2021-09-30 21:46:17 0 [Note] InnoDB: Mutexes and rw_locks use Windows interlocked functions
2021-09-30 21:46:17 0 [Note] InnoDB: Uses event mutexes
2021-09-30 21:46:17 0 [Note] InnoDB: Compressed tables use zlib 1.2.11
2021-09-30 21:46:17 0 [Note] InnoDB: Number of pools: 1
2021-09-30 21:46:17 0 [Note] InnoDB: Using SSE2 crc32 instructions
2021-09-30 21:46:17 0 [Note] InnoDB: Initializing buffer pool, total size = 16M, instances = 1, chunk size = 16M
2021-09-30 21:46:17 0 [Note] InnoDB: Completed initialization of buffer pool
2021-09-30 21:46:17 0 [Note] InnoDB: Starting crash recovery from checkpoint LSN=301659
2021-09-30 21:46:18 0 [Note] InnoDB: 128 out of 128 rollback segments are active.
2021-09-30 21:46:18 0 [Note] InnoDB: Removed temporary tablespace data file: "ibtmp1"
2021-09-30 21:46:18 0 [Note] InnoDB: Creating shared tablespace for temporary tables
2021-09-30 21:46:18 0 [Note] InnoDB: Setting file 'C:\xampp\mysql\data\ibtmp1' size to 12 MB. Physically writing the file full; Please wait ...
2021-09-30 21:46:18 0 [Note] InnoDB: File 'C:\xampp\mysql\data\ibtmp1' size is now 12 MB.
2021-09-30 21:46:18 0 [Note] InnoDB: Waiting for purge to start
2021-09-30 21:46:18 0 [Note] InnoDB: 10.4.20 started; log sequence number 301668; transaction id 204
2021-09-30 21:46:18 0 [Note] InnoDB: Loading buffer pool(s) from C:\xampp\mysql\data\ib_buffer_pool
2021-09-30 21:46:18 0 [Note] Plugin 'FEEDBACK' is disabled.
2021-09-30 21:46:18 0 [Note] InnoDB: Buffer pool(s) load completed at 210930 21:46:18
2021-09-30 21:46:18 0 [Note] Server socket created on IP: '::'.
2021-09-30 22:47:22 0 [Note] InnoDB: Mutexes and rw_locks use Windows interlocked functions
2021-09-30 22:47:22 0 [Note] InnoDB: Uses event mutexes
2021-09-30 22:47:22 0 [Note] InnoDB: Compressed tables use zlib 1.2.11
2021-09-30 22:47:22 0 [Note] InnoDB: Number of pools: 1
2021-09-30 22:47:22 0 [Note] InnoDB: Using SSE2 crc32 instructions
2021-09-30 22:47:22 0 [Note] InnoDB: Initializing buffer pool, total size = 16M, instances = 1, chunk size = 16M
2021-09-30 22:47:22 0 [Note] InnoDB: Completed initialization of buffer pool
2021-09-30 22:47:22 0 [Note] InnoDB: Starting crash recovery from checkpoint LSN=301994
2021-09-30 22:47:22 0 [Note] InnoDB: 128 out of 128 rollback segments are active.
2021-09-30 22:47:22 0 [Note] InnoDB: Removed temporary tablespace data file: "ibtmp1"
2021-09-30 22:47:22 0 [Note] InnoDB: Creating shared tablespace for temporary tables
2021-09-30 22:47:22 0 [Note] InnoDB: Setting file 'C:\xampp\mysql\data\ibtmp1' size to 12 MB. Physically writing the file full; Please wait ...
2021-09-30 22:47:22 0 [Note] InnoDB: File 'C:\xampp\mysql\data\ibtmp1' size is now 12 MB.
2021-09-30 22:47:22 0 [Note] InnoDB: Waiting for purge to start
2021-09-30 22:47:22 0 [Note] InnoDB: 10.4.20 started; log sequence number 302003; transaction id 227
2021-09-30 22:47:22 0 [Note] InnoDB: Loading buffer pool(s) from C:\xampp\mysql\data\ib_buffer_pool
2021-09-30 22:47:22 0 [Note] Plugin 'FEEDBACK' is disabled.
2021-09-30 22:47:22 0 [Note] Server socket created on IP: '::'.
2021-10-02 12:36:14 0 [Note] InnoDB: Mutexes and rw_locks use Windows interlocked functions
2021-10-02 12:36:14 0 [Note] InnoDB: Uses event mutexes
2021-10-02 12:36:14 0 [Note] InnoDB: Compressed tables use zlib 1.2.11
2021-10-02 12:36:14 0 [Note] InnoDB: Number of pools: 1
2021-10-02 12:36:14 0 [Note] InnoDB: Using SSE2 crc32 instructions
2021-10-02 12:36:14 0 [Note] InnoDB: Initializing buffer pool, total size = 16M, instances = 1, chunk size = 16M
2021-10-02 12:36:14 0 [Note] InnoDB: Completed initialization of buffer pool
2021-10-02 12:36:14 0 [Note] InnoDB: Starting crash recovery from checkpoint LSN=346419
2021-10-02 12:36:15 0 [Note] InnoDB: 128 out of 128 rollback segments are active.
2021-10-02 12:36:15 0 [Note] InnoDB: Removed temporary tablespace data file: "ibtmp1"
2021-10-02 12:36:15 0 [Note] InnoDB: Creating shared tablespace for temporary tables
2021-10-02 12:36:15 0 [Note] InnoDB: Setting file 'C:\xampp\mysql\data\ibtmp1' size to 12 MB. Physically writing the file full; Please wait ...
2021-10-02 12:36:15 0 [Note] InnoDB: File 'C:\xampp\mysql\data\ibtmp1' size is now 12 MB.
2021-10-02 12:36:15 0 [Note] InnoDB: Waiting for purge to start
2021-10-02 12:36:15 0 [Note] InnoDB: 10.4.20 started; log sequence number 346428; transaction id 351
2021-10-02 12:36:15 0 [Note] InnoDB: Loading buffer pool(s) from C:\xampp\mysql\data\ib_buffer_pool
2021-10-02 12:36:15 0 [Note] Plugin 'FEEDBACK' is disabled.
2021-10-02 12:36:15 0 [Note] InnoDB: Buffer pool(s) load completed at 211002 12:36:15
2021-10-02 12:36:15 0 [Note] Server socket created on IP: '::'.
2021-10-03  1:22:35 0 [Note] InnoDB: Mutexes and rw_locks use Windows interlocked functions
2021-10-03  1:22:35 0 [Note] InnoDB: Uses event mutexes
2021-10-03  1:22:35 0 [Note] InnoDB: Compressed tables use zlib 1.2.11
2021-10-03  1:22:35 0 [Note] InnoDB: Number of pools: 1
2021-10-03  1:22:35 0 [Note] InnoDB: Using SSE2 crc32 instructions
2021-10-03  1:22:35 0 [Note] InnoDB: Initializing buffer pool, total size = 16M, instances = 1, chunk size = 16M
2021-10-03  1:22:35 0 [Note] InnoDB: Completed initialization of buffer pool
2021-10-03  1:22:35 0 [Note] InnoDB: Starting crash recovery from checkpoint LSN=379015
2021-10-03  1:22:36 0 [Note] InnoDB: 128 out of 128 rollback segments are active.
2021-10-03  1:22:36 0 [Note] InnoDB: Removed temporary tablespace data file: "ibtmp1"
2021-10-03  1:22:36 0 [Note] InnoDB: Creating shared tablespace for temporary tables
2021-10-03  1:22:36 0 [Note] InnoDB: Setting file 'C:\xampp\mysql\data\ibtmp1' size to 12 MB. Physically writing the file full; Please wait ...
2021-10-03  1:22:36 0 [Note] InnoDB: File 'C:\xampp\mysql\data\ibtmp1' size is now 12 MB.
2021-10-03  1:22:36 0 [Note] InnoDB: Waiting for purge to start
2021-10-03  1:22:36 0 [Note] InnoDB: 10.4.20 started; log sequence number 379024; transaction id 467
2021-10-03  1:22:36 0 [Note] InnoDB: Loading buffer pool(s) from C:\xampp\mysql\data\ib_buffer_pool
2021-10-03  1:22:36 0 [Note] Plugin 'FEEDBACK' is disabled.
2021-10-03  1:22:36 0 [Note] InnoDB: Buffer pool(s) load completed at 211003  1:22:36
2021-10-03  1:22:36 0 [Note] Server socket created on IP: '::'.
2021-10-07  1:10:14 0 [Note] InnoDB: Mutexes and rw_locks use Windows interlocked functions
2021-10-07  1:10:14 0 [Note] InnoDB: Uses event mutexes
2021-10-07  1:10:14 0 [Note] InnoDB: Compressed tables use zlib 1.2.11
2021-10-07  1:10:14 0 [Note] InnoDB: Number of pools: 1
2021-10-07  1:10:14 0 [Note] InnoDB: Using SSE2 crc32 instructions
2021-10-07  1:10:14 0 [Note] InnoDB: Initializing buffer pool, total size = 16M, instances = 1, chunk size = 16M
2021-10-07  1:10:14 0 [Note] InnoDB: Completed initialization of buffer pool
2021-10-07  1:10:14 0 [Note] InnoDB: Starting crash recovery from checkpoint LSN=396828
2021-10-07  1:10:14 0 [Note] InnoDB: 128 out of 128 rollback segments are active.
2021-10-07  1:10:14 0 [Note] InnoDB: Removed temporary tablespace data file: "ibtmp1"
2021-10-07  1:10:14 0 [Note] InnoDB: Creating shared tablespace for temporary tables
2021-10-07  1:10:14 0 [Note] InnoDB: Setting file 'C:\xampp\mysql\data\ibtmp1' size to 12 MB. Physically writing the file full; Please wait ...
2021-10-07  1:10:14 0 [Note] InnoDB: File 'C:\xampp\mysql\data\ibtmp1' size is now 12 MB.
2021-10-07  1:10:14 0 [Note] InnoDB: Waiting for purge to start
2021-10-07  1:10:14 0 [Note] InnoDB: 10.4.20 started; log sequence number 396837; transaction id 560
2021-10-07  1:10:14 0 [Note] InnoDB: Loading buffer pool(s) from C:\xampp\mysql\data\ib_buffer_pool
2021-10-07  1:10:14 0 [Note] Plugin 'FEEDBACK' is disabled.
2021-10-07  1:10:14 0 [Note] InnoDB: Buffer pool(s) load completed at 211007  1:10:14
2021-10-07  1:10:14 0 [Note] Server socket created on IP: '::'.
